Assembler report for customComputer
Sun May 21 11:39:40 2023
Quartus Prime Version 22.1std.0 Build 915 10/25/2022 SC Lite Edition


---------------------
; Table of Contents ;
---------------------
  1. Legal Notice
  2. Assembler Summary
  3. Assembler Settings
  4. Assembler Generated Files
  5. Assembler Device Options: C:/Users/redbr/Desktop/fpga-files/QuartusFiles/customComputer/customComputer.sof
  6. Assembler Device Options: C:/Users/redbr/Desktop/fpga-files/QuartusFiles/customComputer/customComputer.pof
  7. Assembler Messages



----------------
; Legal Notice ;
----------------
Copyright (C) 2022  Intel Corporation. All rights reserved.
Your use of Intel Corporation's design tools, logic functions 
and other software and tools, and any partner logic 
functions, and any output files from any of the foregoing 
(including device programming or simulation files), and any 
associated documentation or information are expressly subject 
to the terms and conditions of the Intel Program License 
Subscription Agreement, the Intel Quartus Prime License Agreement,
the Intel FPGA IP License Agreement, or other applicable license
agreement, including, without limitation, that your use is for
the sole purpose of programming logic devices manufactured by
Intel and sold by Intel or its authorized distributors.  Please
refer to the applicable agreement for further details, at
https://fpgasoftware.intel.com/eula.



+---------------------------------------------------------------+
; Assembler Summary                                             ;
+-----------------------+---------------------------------------+
; Assembler Status      ; Successful - Sun May 21 11:39:40 2023 ;
; Revision Name         ; customComputer                        ;
; Top-level Entity Name ; customComputer                        ;
; Family                ; Cyclone V                             ;
; Device                ; 5CEBA4F23C7                           ;
+-----------------------+---------------------------------------+


+----------------------------------+
; Assembler Settings               ;
+--------+---------+---------------+
; Option ; Setting ; Default Value ;
+--------+---------+---------------+


+----------------------------------------------------------------------------------+
; Assembler Generated Files                                                        ;
+----------------------------------------------------------------------------------+
; File Name                                                                        ;
+----------------------------------------------------------------------------------+
; C:/Users/redbr/Desktop/fpga-files/QuartusFiles/customComputer/customComputer.sof ;
; C:/Users/redbr/Desktop/fpga-files/QuartusFiles/customComputer/customComputer.pof ;
+----------------------------------------------------------------------------------+


+------------------------------------------------------------------------------------------------------------+
; Assembler Device Options: C:/Users/redbr/Desktop/fpga-files/QuartusFiles/customComputer/customComputer.sof ;
+----------------+-------------------------------------------------------------------------------------------+
; Option         ; Setting                                                                                   ;
+----------------+-------------------------------------------------------------------------------------------+
; JTAG usercode  ; 0x0269E393                                                                                ;
; Checksum       ; 0x0269E393                                                                                ;
+----------------+-------------------------------------------------------------------------------------------+


+------------------------------------------------------------------------------------------------------------+
; Assembler Device Options: C:/Users/redbr/Desktop/fpga-files/QuartusFiles/customComputer/customComputer.pof ;
+--------------------+---------------------------------------------------------------------------------------+
; Option             ; Setting                                                                               ;
+--------------------+---------------------------------------------------------------------------------------+
; JTAG usercode      ; 0x00000000                                                                            ;
; Checksum           ; 0x72036978                                                                            ;
; Compression Ratio  ; 2                                                                                     ;
+--------------------+---------------------------------------------------------------------------------------+


+--------------------+
; Assembler Messages ;
+--------------------+
Info: *******************************************************************
Info: Running Quartus Prime Assembler
    Info: Version 22.1std.0 Build 915 10/25/2022 SC Lite Edition
    Info: Processing started: Sun May 21 11:39:30 2023
Info: Command: quartus_asm --read_settings_files=off --write_settings_files=off customComputer -c customComputer
Info (115030): Assembler is generating device programming files
Info: Quartus Prime Assembler was successful. 0 errors, 0 warnings
    Info: Peak virtual memory: 4965 megabytes
    Info: Processing ended: Sun May 21 11:39:40 2023
    Info: Elapsed time: 00:00:10
    Info: Total CPU time (on all processors): 00:00:09


